<?xml version="1.0" encoding="UTF-8"?>
<!-- Generated by org.testng.reporters.JUnitXMLReporter -->
<testsuite ignored="0" hostname="LAPTOP-A6MUPKU0" failures="0" tests="2" name="Error Validations Test" time="0.06" errors="0" timestamp="2024-03-10T11:25:51 AST">
  <testcase classname="rahulshettyacademy.tests.ErrorValidationsTest" name="ProductErrorValidation" time="0.0">
    <skipped/>
  </testcase> <!-- ProductErrorValidation -->
  <testcase classname="rahulshettyacademy.tests.ErrorValidationsTest" name="loginErrorValidation" time="0.005">
    <skipped/>
  </testcase> <!-- loginErrorValidation -->
</testsuite> <!-- Error Validations Test -->
